\BOOKMARK [0][-]{chapter.1}{Orbital Mechanics}{}% 1
\BOOKMARK [1][-]{section.1.1}{Reference Frames}{chapter.1}% 2
\BOOKMARK [2][-]{subsection.1.1.1}{Earth-centred inertial \(ECI\)}{section.1.1}% 3
\BOOKMARK [2][-]{subsection.1.1.2}{Inertial}{section.1.1}% 4
\BOOKMARK [2][-]{subsection.1.1.3}{Body-centered inertial \(BCI\)}{section.1.1}% 5
\BOOKMARK [2][-]{subsection.1.1.4}{Body-centered body-fixed \(BCBF\)}{section.1.1}% 6
\BOOKMARK [2][-]{subsection.1.1.5}{Radial tangential normal \(RTN\)}{section.1.1}% 7
\BOOKMARK [1][-]{section.1.2}{Orbital Elements}{chapter.1}% 8
\BOOKMARK [2][-]{subsection.1.2.1}{Cartesian}{section.1.2}% 9
\BOOKMARK [2][-]{subsection.1.2.2}{Keplerian}{section.1.2}% 10
\BOOKMARK [2][-]{subsection.1.2.3}{Modified Equinoctial}{section.1.2}% 11
\BOOKMARK [1][-]{section.1.3}{Preliminary Orbit Determination}{chapter.1}% 12
\BOOKMARK [2][-]{subsection.1.3.1}{Gibbs method}{section.1.3}% 13
\BOOKMARK [2][-]{subsection.1.3.2}{Lambert's problem}{section.1.3}% 14
\BOOKMARK [2][-]{subsection.1.3.3}{Gauss method}{section.1.3}% 15
\BOOKMARK [1][-]{section.1.4}{Orbital Perturbations}{chapter.1}% 16
\BOOKMARK [2][-]{subsection.1.4.1}{Cowell's method}{section.1.4}% 17
\BOOKMARK [2][-]{subsection.1.4.2}{Encke's method}{section.1.4}% 18
\BOOKMARK [2][-]{subsection.1.4.3}{Variational Equations: Lagrange Planetary}{section.1.4}% 19
\BOOKMARK [2][-]{subsection.1.4.4}{Variational Equations: Gauss}{section.1.4}% 20
\BOOKMARK [0][-]{chapter.2}{Dynamic Modelling}{}% 21
\BOOKMARK [1][-]{section.2.1}{Solar Radiation Pressure}{chapter.2}% 22
\BOOKMARK [1][-]{section.2.2}{Thrust}{chapter.2}% 23
\BOOKMARK [1][-]{section.2.3}{Gravitational Potential}{chapter.2}% 24
\BOOKMARK [2][-]{subsection.2.3.1}{Point mass}{section.2.3}% 25
\BOOKMARK [2][-]{subsection.2.3.2}{Tri-axial ellipsoid: elliptical integrals}{section.2.3}% 26
\BOOKMARK [2][-]{subsection.2.3.3}{Expansion in spherical harmonics}{section.2.3}% 27
\BOOKMARK [2][-]{subsection.2.3.4}{Tri-axial ellipsoid: expansion in spherical harmonics}{section.2.3}% 28
\BOOKMARK [1][-]{section.2.4}{Numerical Analysis}{chapter.2}% 29
\BOOKMARK [2][-]{subsection.2.4.1}{Initial value problems}{section.2.4}% 30
\BOOKMARK [2][-]{subsection.2.4.2}{Integration methods}{section.2.4}% 31
\BOOKMARK [2][-]{subsection.2.4.3}{Mesh refinement}{section.2.4}% 32
\BOOKMARK [2][-]{subsection.2.4.4}{Interpolation methods}{section.2.4}% 33
\BOOKMARK [0][-]{chapter.3}{Trajectory Optimization}{}% 34
\BOOKMARK [1][-]{section.3.1}{Sims-Flanagan Method}{chapter.3}% 35
\BOOKMARK [1][-]{section.3.2}{Sundmann Transform}{chapter.3}% 36
\BOOKMARK [1][-]{section.3.3}{Optimal Control}{chapter.3}% 37
\BOOKMARK [2][-]{subsection.3.3.1}{Potryagins maximum principal}{section.3.3}% 38
\BOOKMARK [2][-]{subsection.3.3.2}{Model predictive control \(MPC\)}{section.3.3}% 39
\BOOKMARK [2][-]{subsection.3.3.3}{Recent Research}{section.3.3}% 40
\BOOKMARK [1][-]{section.3.4}{Linearization}{chapter.3}% 41
\BOOKMARK [2][-]{subsection.3.4.1}{Taxonomy of Partials}{section.3.4}% 42
\BOOKMARK [2][-]{subsection.3.4.2}{Solar Radiation Pressure}{section.3.4}% 43
\BOOKMARK [2][-]{subsection.3.4.3}{Thrust}{section.3.4}% 44
\BOOKMARK [2][-]{subsection.3.4.4}{Gravitational Potential: Point Mass}{section.3.4}% 45
\BOOKMARK [2][-]{subsection.3.4.5}{Gravitational Potential: Tri-axial ellipsoid}{section.3.4}% 46
\BOOKMARK [2][-]{subsection.3.4.6}{Gravitational Potential: Expansion in spherical harmonics}{section.3.4}% 47
\BOOKMARK [1][-]{section.3.5}{Observation Models}{chapter.3}% 48
\BOOKMARK [2][-]{subsection.3.5.1}{Landmark Tracking}{section.3.5}% 49
\BOOKMARK [2][-]{subsection.3.5.2}{Range Measurements/ Pseudorange}{section.3.5}% 50
\BOOKMARK [2][-]{subsection.3.5.3}{Doppler Measurements}{section.3.5}% 51
\BOOKMARK [1][-]{section.3.6}{Parameter Estimation}{chapter.3}% 52
\BOOKMARK [2][-]{subsection.3.6.1}{Orbit Determination}{section.3.6}% 53
\BOOKMARK [2][-]{subsection.3.6.2}{Rotational State}{section.3.6}% 54
\BOOKMARK [2][-]{subsection.3.6.3}{Gravitational Potential}{section.3.6}% 55
\BOOKMARK [2][-]{subsection.3.6.4}{Shape}{section.3.6}% 56
\BOOKMARK [0][-]{chapter.4}{Machine Learning}{}% 57
\BOOKMARK [1][-]{section.4.1}{Categories of Machine Learning}{chapter.4}% 58
\BOOKMARK [1][-]{section.4.2}{Deep Learning}{chapter.4}% 59
\BOOKMARK [2][-]{subsection.4.2.1}{The fundamental component: Perceptrons}{section.4.2}% 60
\BOOKMARK [2][-]{subsection.4.2.2}{Activation function}{section.4.2}% 61
\BOOKMARK [2][-]{subsection.4.2.3}{Multilayer perceptrons, a.k.a feed forward networks}{section.4.2}% 62
\BOOKMARK [2][-]{subsection.4.2.4}{Gradient based learning}{section.4.2}% 63
\BOOKMARK [2][-]{subsection.4.2.5}{Universal Approximation Properties and Depth}{section.4.2}% 64
\BOOKMARK [2][-]{subsection.4.2.6}{Backpropagation}{section.4.2}% 65
\BOOKMARK [1][-]{section.4.3}{Reinforcement Learning}{chapter.4}% 66
\BOOKMARK [2][-]{subsection.4.3.1}{Taxonomy of Reinforcement Learning}{section.4.3}% 67
\BOOKMARK [2][-]{subsection.4.3.2}{Value-based methods}{section.4.3}% 68
\BOOKMARK [2][-]{subsection.4.3.3}{Policy-based methods}{section.4.3}% 69
\BOOKMARK [2][-]{subsection.4.3.4}{Policy gradient}{section.4.3}% 70
\BOOKMARK [2][-]{subsection.4.3.5}{Deep deterministic policy gradient \(DDPG\)}{section.4.3}% 71
